\BOOKMARK [1][-]{section.1}{\376\377\000I\000n\000t\000r\000o\000d\000u\000c\000t\000i\000o\000n}{}% 1
\BOOKMARK [1][-]{section.2}{\376\377\000R\000e\000l\000a\000t\000e\000d\000\040\000W\000o\000r\000k}{}% 2
\BOOKMARK [2][-]{subsection.2.1}{\376\377\000I\000n\000t\000e\000r\000p\000r\000e\000t\000a\000b\000i\000l\000i\000t\000y\000\040\000i\000n\000\040\000D\000L\000-\000b\000a\000s\000e\000d\000\040\000N\000I\000D\000S}{section.2}% 3
\BOOKMARK [2][-]{subsection.2.2}{\376\377\000C\000o\000n\000c\000e\000p\000t\000\040\000B\000o\000t\000t\000l\000e\000n\000e\000c\000k\000\040\000M\000o\000d\000e\000l\000s}{section.2}% 4
\BOOKMARK [2][-]{subsection.2.3}{\376\377\000D\000i\000f\000f\000e\000r\000e\000n\000t\000i\000a\000b\000l\000e\000\040\000a\000n\000d\000\040\000N\000e\000u\000r\000o\000-\000S\000y\000m\000b\000o\000l\000i\000c\000\040\000R\000u\000l\000e\000\040\000L\000e\000a\000r\000n\000i\000n\000g}{section.2}% 5
\BOOKMARK [2][-]{subsection.2.4}{\376\377\000O\000p\000e\000n\000-\000S\000e\000t\000\040\000a\000n\000d\000\040\000O\000O\000D\000\040\000D\000e\000t\000e\000c\000t\000i\000o\000n\000\040\000i\000n\000\040\000S\000e\000c\000u\000r\000i\000t\000y}{section.2}% 6
\BOOKMARK [2][-]{subsection.2.5}{\376\377\000M\000L\000\040\000P\000i\000t\000f\000a\000l\000l\000s\000\040\000a\000n\000d\000\040\000I\000o\000T\000\040\000D\000a\000t\000a\000s\000e\000t\000s}{section.2}% 7
\BOOKMARK [2][-]{subsection.2.6}{\376\377\000I\000o\000T\000-\000S\000p\000e\000c\000i\000f\000i\000c\000\040\000N\000e\000t\000w\000o\000r\000k\000\040\000I\000n\000t\000r\000u\000s\000i\000o\000n\000\040\000D\000e\000t\000e\000c\000t\000i\000o\000n}{section.2}% 8
\BOOKMARK [1][-]{section.3}{\376\377\000M\000e\000t\000h\000o\000d\000o\000l\000o\000g\000y}{}% 9
\BOOKMARK [2][-]{subsection.3.1}{\376\377\000D\000a\000t\000a\000s\000e\000t\000s}{section.3}% 10
\BOOKMARK [2][-]{subsection.3.2}{\376\377\000C\000o\000n\000c\000e\000p\000t\000\040\000B\000o\000t\000t\000l\000e\000n\000e\000c\000k\000\040\000M\000o\000d\000e\000l\000s}{section.3}% 11
\BOOKMARK [2][-]{subsection.3.3}{\376\377\000N\000e\000u\000r\000o\000-\000S\000y\000m\000b\000o\000l\000i\000c\000\040\000N\000I\000D\000S\000:\000\040\000D\000i\000f\000f\000e\000r\000e\000n\000t\000i\000a\000b\000l\000e\000\040\000R\000u\000l\000e\000\040\000L\000e\000a\000r\000n\000i\000n\000g}{section.3}% 12
\BOOKMARK [3][-]{subsubsection.3.3.1}{\376\377\000R\000u\000l\000e\000\040\000T\000e\000m\000p\000l\000a\000t\000e\000s}{subsection.3.3}% 13
\BOOKMARK [3][-]{subsubsection.3.3.2}{\376\377\000k\000-\000A\000n\000n\000e\000a\000l\000i\000n\000g\000\040\000a\000n\000d\000\040\000S\000t\000r\000a\000i\000g\000h\000t\000-\000T\000h\000r\000o\000u\000g\000h\000\040\000E\000s\000t\000i\000m\000a\000t\000o\000r}{subsection.3.3}% 14
\BOOKMARK [3][-]{subsubsection.3.3.3}{\376\377\000A\000r\000c\000h\000i\000t\000e\000c\000t\000u\000r\000e\000\040\000a\000n\000d\000\040\000a\000l\000p\000h\000a\000-\000G\000a\000t\000e}{subsection.3.3}% 15
\BOOKMARK [3][-]{subsubsection.3.3.4}{\376\377\000O\000O\000D\000\040\000S\000c\000o\000r\000i\000n\000g\000\040\000i\000n\000\040\000R\000u\000l\000e\000-\000A\000c\000t\000i\000v\000a\000t\000i\000o\000n\000\040\000S\000p\000a\000c\000e}{subsection.3.3}% 16
\BOOKMARK [2][-]{subsection.3.4}{\376\377\000B\000a\000s\000e\000l\000i\000n\000e\000s\000\040\000a\000n\000d\000\040\000E\000v\000a\000l\000u\000a\000t\000i\000o\000n}{section.3}% 17
\BOOKMARK [1][-]{section.4}{\376\377\000R\000e\000s\000u\000l\000t\000s\000\040\000a\000n\000d\000\040\000D\000i\000s\000c\000u\000s\000s\000i\000o\000n}{}% 18
\BOOKMARK [2][-]{subsection.4.1}{\376\377\000C\000l\000a\000s\000s\000i\000f\000i\000c\000a\000t\000i\000o\000n\000\040\000A\000c\000c\000u\000r\000a\000c\000y}{section.4}% 19
\BOOKMARK [2][-]{subsection.4.2}{\376\377\000O\000p\000e\000n\000-\000S\000e\000t\000\040\000D\000e\000t\000e\000c\000t\000i\000o\000n}{section.4}% 20
\BOOKMARK [2][-]{subsection.4.3}{\376\377\000R\000u\000l\000e\000\040\000C\000r\000i\000s\000p\000n\000e\000s\000s\000\040\000a\000n\000d\000\040\000C\000l\000a\000s\000s\000\040\000S\000e\000l\000e\000c\000t\000i\000v\000i\000t\000y}{section.4}% 21
\BOOKMARK [2][-]{subsection.4.4}{\376\377\000T\000h\000r\000e\000s\000h\000o\000l\000d\000\040\000D\000r\000i\000f\000t}{section.4}% 22
\BOOKMARK [2][-]{subsection.4.5}{\376\377\000T\000h\000e\000\040\000a\000l\000p\000h\000a\000-\000G\000a\000t\000e\000\040\000a\000n\000d\000\040\000I\000n\000t\000e\000r\000p\000r\000e\000t\000a\000b\000i\000l\000i\000t\000y\000\040\000T\000r\000a\000d\000e\000-\000O\000f\000f}{section.4}% 23
\BOOKMARK [2][-]{subsection.4.6}{\376\377\000C\000o\000n\000c\000e\000p\000t\000\040\000L\000e\000a\000k\000a\000g\000e\000\040\000i\000n\000\040\000C\000B\000M\000s}{section.4}% 24
\BOOKMARK [2][-]{subsection.4.7}{\376\377\000C\000o\000m\000p\000u\000t\000a\000t\000i\000o\000n\000a\000l\000\040\000O\000v\000e\000r\000h\000e\000a\000d}{section.4}% 25
\BOOKMARK [2][-]{subsection.4.8}{\376\377\000D\000i\000s\000c\000u\000s\000s\000i\000o\000n}{section.4}% 26
\BOOKMARK [1][-]{section.5}{\376\377\000C\000o\000n\000c\000l\000u\000s\000i\000o\000n}{}% 27
\BOOKMARK [1][-]{section*.10}{\376\377\000R\000e\000f\000e\000r\000e\000n\000c\000e\000s}{}% 28
\BOOKMARK [1][-]{IEEEbiography.0}{\376\377\000B\000i\000o\000g\000r\000a\000p\000h\000i\000e\000s}{}% 29
\BOOKMARK [2][-]{IEEEbiography.1}{\376\377\000C\000r\000i\000s\000p\000h\000i\000n\000e\000\040\000M\000a\000c\000h\000a\000r\000i\000a\000\040\000N\000g\000a\000r\000i}{IEEEbiography.0}% 30
\BOOKMARK [2][-]{IEEEbiography.2}{\376\377\000N\000i\000n\000g\000\040\000Y\000a\000n\000g}{IEEEbiography.0}% 31
\BOOKMARK [2][-]{IEEEbiography.3}{\376\377\000N\000i\000n\000g\000\040\000W\000e\000n\000g}{IEEEbiography.0}% 32
